<?xml version="1.0" encoding="UTF-8"?>
<!-- Generated by org.testng.reporters.JUnitXMLReporter -->
<testsuite ignored="0" hostname="DESKTOP-9QLAD2I" failures="0" tests="5" name="Default test" time="0.088" errors="0" timestamp="2020-11-11T11:09:22 IST">
  <testcase classname="com.Practice.selenium.cartTest" name="addToCartTest" time="0.009"/>
  <testcase classname="com.Practice.selenium.cartTest" name="addToCartTest" time="0.003"/>
  <testcase classname="com.Practice.selenium.cartTest" name="addToCartTest" time="0.003"/>
  <testcase classname="com.Practice.selenium.cartTest" name="addToCartTest" time="0.004"/>
  <testcase classname="com.Practice.selenium.cartTest" name="addToCartTest" time="0.006"/>
</testsuite> <!-- Default test -->
