<?xml version="1.0" encoding="UTF-8"?>
<testng-results ignored="0" total="5" passed="5" failed="0" skipped="0">
  <reporter-output>
  </reporter-output>
  <suite started-at="2020-11-11T11:09:21 IST" name="Default suite" finished-at="2020-11-11T11:09:21 IST" duration-ms="88">
    <groups>
    </groups>
    <test started-at="2020-11-11T11:09:21 IST" name="Default test" finished-at="2020-11-11T11:09:21 IST" duration-ms="88">
      <class name="com.Practice.selenium.cartTest">
        <test-method signature="addToCartTest(java.lang.String, java.lang.String)[pri:0, instance:com.Practice.selenium.cartTest@21b2e768]" started-at="2020-11-11T11:09:21 IST" name="addToCartTest" data-provider="getData" finished-at="2020-11-11T11:09:21 IST" duration-ms="9" status="PASS">
          <params>
            <param index="0">
              <value>
                <![CDATA[mobile]]>
              </value>
            </param>
            <param index="1">
              <value>
                <![CDATA[Iphone-6]]>
              </value>
            </param>
          </params>
          <reporter-output>
          </reporter-output>
        </test-method> <!-- addToCartTest -->
        <test-method signature="addToCartTest(java.lang.String, java.lang.String)[pri:0, instance:com.Practice.selenium.cartTest@21b2e768]" started-at="2020-11-11T11:09:21 IST" name="addToCartTest" data-provider="getData" finished-at="2020-11-11T11:09:21 IST" duration-ms="3" status="PASS">
          <params>
            <param index="0">
              <value>
                <![CDATA[mobile]]>
              </value>
            </param>
            <param index="1">
              <value>
                <![CDATA[Iphone-7]]>
              </value>
            </param>
          </params>
          <reporter-output>
          </reporter-output>
        </test-method> <!-- addToCartTest -->
        <test-method signature="addToCartTest(java.lang.String, java.lang.String)[pri:0, instance:com.Practice.selenium.cartTest@21b2e768]" started-at="2020-11-11T11:09:21 IST" name="addToCartTest" data-provider="getData" finished-at="2020-11-11T11:09:21 IST" duration-ms="3" status="PASS">
          <params>
            <param index="0">
              <value>
                <![CDATA[mobile]]>
              </value>
            </param>
            <param index="1">
              <value>
                <![CDATA[Sasung]]>
              </value>
            </param>
          </params>
          <reporter-output>
          </reporter-output>
        </test-method> <!-- addToCartTest -->
        <test-method signature="addToCartTest(java.lang.String, java.lang.String)[pri:0, instance:com.Practice.selenium.cartTest@21b2e768]" started-at="2020-11-11T11:09:21 IST" name="addToCartTest" data-provider="getData" finished-at="2020-11-11T11:09:21 IST" duration-ms="4" status="PASS">
          <params>
            <param index="0">
              <value>
                <![CDATA[mobile]]>
              </value>
            </param>
            <param index="1">
              <value>
                <![CDATA[OnePlus Nord]]>
              </value>
            </param>
          </params>
          <reporter-output>
          </reporter-output>
        </test-method> <!-- addToCartTest -->
        <test-method signature="addToCartTest(java.lang.String, java.lang.String)[pri:0, instance:com.Practice.selenium.cartTest@21b2e768]" started-at="2020-11-11T11:09:21 IST" name="addToCartTest" data-provider="getData" finished-at="2020-11-11T11:09:21 IST" duration-ms="6" status="PASS">
          <params>
            <param index="0">
              <value>
                <![CDATA[mobile]]>
              </value>
            </param>
            <param index="1">
              <value>
                <![CDATA[OnePlus]]>
              </value>
            </param>
          </params>
          <reporter-output>
          </reporter-output>
        </test-method> <!-- addToCartTest -->
      </class> <!-- com.Practice.selenium.cartTest -->
    </test> <!-- Default test -->
  </suite> <!-- Default suite -->
</testng-results>
